<?xml version="1.0" encoding="UTF-8"?>
<testng-results ignored="0" total="1" passed="1" failed="0" skipped="0">
  <reporter-output>
  </reporter-output>
  <suite started-at="2024-02-18T19:39:18 EST" name="Default suite" finished-at="2024-02-18T19:39:19 EST" duration-ms="513">
    <groups>
    </groups>
    <test started-at="2024-02-18T19:39:18 EST" name="Default test" finished-at="2024-02-18T19:39:19 EST" duration-ms="513">
      <class name="SumValidation">
        <test-method signature="sumofCourse()[pri:0, instance:SumValidation@161479c6]" started-at="2024-02-18T19:39:18 EST" name="sumofCourse" finished-at="2024-02-18T19:39:19 EST" duration-ms="498" status="PASS">
          <reporter-output>
          </reporter-output>
        </test-method> <!-- sumofCourse -->
      </class> <!-- SumValidation -->
    </test> <!-- Default test -->
  </suite> <!-- Default suite -->
</testng-results>
